c:\users\dell\desktop\hin032_tatrunghieu\trainingframework\trainingframework\debug\trainingframework.pch
c:\users\dell\desktop\hin032_tatrunghieu\trainingframework\trainingframework\debug\vc143.pdb
c:\users\dell\desktop\hin032_tatrunghieu\trainingframework\trainingframework\debug\vc143.idb
c:\users\dell\desktop\hin032_tatrunghieu\trainingframework\trainingframework\debug\stdafx.obj
c:\users\dell\desktop\hin032_tatrunghieu\trainingframework\trainingframework\debug\camera.obj
c:\users\dell\desktop\hin032_tatrunghieu\trainingframework\trainingframework\debug\gsintro.obj
c:\users\dell\desktop\hin032_tatrunghieu\trainingframework\trainingframework\debug\gsmenu.obj
c:\users\dell\desktop\hin032_tatrunghieu\trainingframework\trainingframework\debug\gsplay.obj
c:\users\dell\desktop\hin032_tatrunghieu\trainingframework\trainingframework\debug\model.obj
c:\users\dell\desktop\hin032_tatrunghieu\trainingframework\trainingframework\debug\object.obj
c:\users\dell\desktop\hin032_tatrunghieu\trainingframework\trainingframework\debug\resourcemanager.obj
c:\users\dell\desktop\hin032_tatrunghieu\trainingframework\trainingframework\debug\scenemanager.obj
c:\users\dell\desktop\hin032_tatrunghieu\trainingframework\trainingframework\debug\statebase.obj
c:\users\dell\desktop\hin032_tatrunghieu\trainingframework\trainingframework\debug\texture.obj
c:\users\dell\desktop\hin032_tatrunghieu\trainingframework\trainingframework\debug\trainingframework.obj
c:\users\dell\desktop\hin032_tatrunghieu\trainingframework\trainingframework\debug\shaders.obj
c:\users\dell\desktop\hin032_tatrunghieu\trainingframework\\bin\trainingframework.pdb
c:\users\dell\desktop\hin032_tatrunghieu\trainingframework\trainingframework\debug\training.fc024ec8.tlog\cl.command.1.tlog
c:\users\dell\desktop\hin032_tatrunghieu\trainingframework\trainingframework\debug\training.fc024ec8.tlog\cl.read.1.tlog
c:\users\dell\desktop\hin032_tatrunghieu\trainingframework\trainingframework\debug\training.fc024ec8.tlog\cl.write.1.tlog
c:\users\dell\desktop\hin032_tatrunghieu\trainingframework\trainingframework\debug\training.fc024ec8.tlog\link-cvtres.read.1.tlog
c:\users\dell\desktop\hin032_tatrunghieu\trainingframework\trainingframework\debug\training.fc024ec8.tlog\link-cvtres.write.1.tlog
c:\users\dell\desktop\hin032_tatrunghieu\trainingframework\trainingframework\debug\training.fc024ec8.tlog\link-rc.read.1.tlog
c:\users\dell\desktop\hin032_tatrunghieu\trainingframework\trainingframework\debug\training.fc024ec8.tlog\link-rc.write.1.tlog
c:\users\dell\desktop\hin032_tatrunghieu\trainingframework\trainingframework\debug\training.fc024ec8.tlog\link.command.1.tlog
c:\users\dell\desktop\hin032_tatrunghieu\trainingframework\trainingframework\debug\training.fc024ec8.tlog\link.read.1.tlog
c:\users\dell\desktop\hin032_tatrunghieu\trainingframework\trainingframework\debug\training.fc024ec8.tlog\link.write.1.tlog
