c:\users\han.glschool2\desktop\hin032_tatrunghieu\trainingframework\freetype\freetype-2.13.2\objs\x64\debug\ftbbox.obj
c:\users\han.glschool2\desktop\hin032_tatrunghieu\trainingframework\freetype\freetype-2.13.2\objs\x64\debug\ftcid.obj
c:\users\han.glschool2\desktop\hin032_tatrunghieu\trainingframework\freetype\freetype-2.13.2\objs\x64\debug\ftglyph.obj
c:\users\han.glschool2\desktop\hin032_tatrunghieu\trainingframework\freetype\freetype-2.13.2\objs\x64\debug\ftpatent.obj
c:\users\han.glschool2\desktop\hin032_tatrunghieu\trainingframework\freetype\freetype-2.13.2\objs\x64\debug\fttype1.obj
c:\users\han.glschool2\desktop\hin032_tatrunghieu\trainingframework\freetype\freetype-2.13.2\objs\x64\debug\type1cid.obj
c:\users\han.glschool2\desktop\hin032_tatrunghieu\trainingframework\freetype\freetype-2.13.2\objs\x64\debug\pcf.obj
c:\users\han.glschool2\desktop\hin032_tatrunghieu\trainingframework\freetype\freetype-2.13.2\objs\x64\debug\psmodule.obj
c:\users\han.glschool2\desktop\hin032_tatrunghieu\trainingframework\freetype\freetype-2.13.2\objs\x64\debug\svg.obj
c:\users\han.glschool2\desktop\hin032_tatrunghieu\trainingframework\freetype\freetype-2.13.2\objs\x64\debug\winfnt.obj
c:\users\han.glschool2\desktop\hin032_tatrunghieu\trainingframework\freetype\freetype-2.13.2\objs\x64\debug\ftbase.obj
c:\users\han.glschool2\desktop\hin032_tatrunghieu\trainingframework\freetype\freetype-2.13.2\objs\x64\debug\ftfstype.obj
c:\users\han.glschool2\desktop\hin032_tatrunghieu\trainingframework\freetype\freetype-2.13.2\objs\x64\debug\ftmm.obj
c:\users\han.glschool2\desktop\hin032_tatrunghieu\trainingframework\freetype\freetype-2.13.2\objs\x64\debug\ftpfr.obj
c:\users\han.glschool2\desktop\hin032_tatrunghieu\trainingframework\freetype\freetype-2.13.2\objs\x64\debug\ftwinfnt.obj
c:\users\han.glschool2\desktop\hin032_tatrunghieu\trainingframework\freetype\freetype-2.13.2\objs\x64\debug\cff.obj
c:\users\han.glschool2\desktop\hin032_tatrunghieu\trainingframework\freetype\freetype-2.13.2\objs\x64\debug\pfr.obj
c:\users\han.glschool2\desktop\hin032_tatrunghieu\trainingframework\freetype\freetype-2.13.2\objs\x64\debug\raster.obj
c:\users\han.glschool2\desktop\hin032_tatrunghieu\trainingframework\freetype\freetype-2.13.2\objs\x64\debug\sdf.obj
c:\users\han.glschool2\desktop\hin032_tatrunghieu\trainingframework\freetype\freetype-2.13.2\objs\x64\debug\type42.obj
c:\users\han.glschool2\desktop\hin032_tatrunghieu\trainingframework\freetype\freetype-2.13.2\objs\x64\debug\ftsystem.obj
c:\users\han.glschool2\desktop\hin032_tatrunghieu\trainingframework\freetype\freetype-2.13.2\objs\x64\debug\autofit.obj
c:\users\han.glschool2\desktop\hin032_tatrunghieu\trainingframework\freetype\freetype-2.13.2\objs\x64\debug\ftgasp.obj
c:\users\han.glschool2\desktop\hin032_tatrunghieu\trainingframework\freetype\freetype-2.13.2\objs\x64\debug\ftinit.obj
c:\users\han.glschool2\desktop\hin032_tatrunghieu\trainingframework\freetype\freetype-2.13.2\objs\x64\debug\ftstroke.obj
c:\users\han.glschool2\desktop\hin032_tatrunghieu\trainingframework\freetype\freetype-2.13.2\objs\x64\debug\bdf.obj
c:\users\han.glschool2\desktop\hin032_tatrunghieu\trainingframework\freetype\freetype-2.13.2\objs\x64\debug\dlgwrap.obj
c:\users\han.glschool2\desktop\hin032_tatrunghieu\trainingframework\freetype\freetype-2.13.2\objs\x64\debug\ftgzip.obj
c:\users\han.glschool2\desktop\hin032_tatrunghieu\trainingframework\freetype\freetype-2.13.2\objs\x64\debug\pshinter.obj
c:\users\han.glschool2\desktop\hin032_tatrunghieu\trainingframework\freetype\freetype-2.13.2\objs\x64\debug\sfnt.obj
c:\users\han.glschool2\desktop\hin032_tatrunghieu\trainingframework\freetype\freetype-2.13.2\objs\x64\debug\type1.obj
c:\users\han.glschool2\desktop\hin032_tatrunghieu\trainingframework\freetype\freetype-2.13.2\objs\x64\debug\ftdebug.obj
c:\users\han.glschool2\desktop\hin032_tatrunghieu\trainingframework\freetype\freetype-2.13.2\objs\x64\debug\ftbdf.obj
c:\users\han.glschool2\desktop\hin032_tatrunghieu\trainingframework\freetype\freetype-2.13.2\objs\x64\debug\ftbitmap.obj
c:\users\han.glschool2\desktop\hin032_tatrunghieu\trainingframework\freetype\freetype-2.13.2\objs\x64\debug\ftgxval.obj
c:\users\han.glschool2\desktop\hin032_tatrunghieu\trainingframework\freetype\freetype-2.13.2\objs\x64\debug\ftotval.obj
c:\users\han.glschool2\desktop\hin032_tatrunghieu\trainingframework\freetype\freetype-2.13.2\objs\x64\debug\ftsynth.obj
c:\users\han.glschool2\desktop\hin032_tatrunghieu\trainingframework\freetype\freetype-2.13.2\objs\x64\debug\ftcache.obj
c:\users\han.glschool2\desktop\hin032_tatrunghieu\trainingframework\freetype\freetype-2.13.2\objs\x64\debug\ftlzw.obj
c:\users\han.glschool2\desktop\hin032_tatrunghieu\trainingframework\freetype\freetype-2.13.2\objs\x64\debug\psaux.obj
c:\users\han.glschool2\desktop\hin032_tatrunghieu\trainingframework\freetype\freetype-2.13.2\objs\x64\debug\smooth.obj
c:\users\han.glschool2\desktop\hin032_tatrunghieu\trainingframework\freetype\freetype-2.13.2\objs\x64\debug\truetype.obj
c:\users\han.glschool2\desktop\hin032_tatrunghieu\trainingframework\freetype\freetype-2.13.2\objs\x64\debug\freetype.pdb
c:\users\han.glschool2\training\hin032_tatrunghieu\trainingframework\freetype\freetype-2.13.2\objs\x64\debug\freetype.lib
c:\users\han.glschool2\training\hin032_tatrunghieu\trainingframework\freetype\freetype-2.13.2\objs\x64\debug\freetype.exp
c:\users\han.glschool2\desktop\hin032_tatrunghieu\trainingframework\freetype\freetype-2.13.2\objs\x64\debug\freetype.ilk
c:\users\han.glschool2\desktop\hin032_tatrunghieu\trainingframework\freetype\freetype-2.13.2\objs\x64\debug\freetype.dll
c:\users\han.glschool2\desktop\hin032_tatrunghieu\trainingframework\freetype\freetype-2.13.2\objs\x64\debug\freetype.lib
c:\users\han.glschool2\desktop\hin032_tatrunghieu\trainingframework\freetype\freetype-2.13.2\objs\x64\debug\freetype.exp
c:\users\han.glschool2\desktop\hin032_tatrunghieu\trainingframework\freetype\freetype-2.13.2\objs\x64\debug\ftver.res
c:\users\han.glschool2\desktop\hin032_tatrunghieu\trainingframework\freetype\freetype-2.13.2\objs\x64\debug\..\..\..\objs\x64\debug\freetype.pdb
c:\users\han.glschool2\desktop\hin032_tatrunghieu\trainingframework\freetype\freetype-2.13.2\objs\x64\debug\..\..\..\objs\x64\debug\freetype.ilk
c:\users\han.glschool2\desktop\hin032_tatrunghieu\trainingframework\freetype\freetype-2.13.2\objs\x64\debug\..\..\..\objs\x64\debug\freetype.vcxproj.filelistabsolute.txt
c:\users\han.glschool2\desktop\hin032_tatrunghieu\trainingframework\freetype\freetype-2.13.2\objs\x64\debug\freetype.tlog\cl.11108.write.1.tlog
c:\users\han.glschool2\desktop\hin032_tatrunghieu\trainingframework\freetype\freetype-2.13.2\objs\x64\debug\freetype.tlog\cl.command.1.tlog
c:\users\han.glschool2\desktop\hin032_tatrunghieu\trainingframework\freetype\freetype-2.13.2\objs\x64\debug\freetype.tlog\cl.items.tlog
c:\users\han.glschool2\desktop\hin032_tatrunghieu\trainingframework\freetype\freetype-2.13.2\objs\x64\debug\freetype.tlog\cl.read.1.tlog
c:\users\han.glschool2\desktop\hin032_tatrunghieu\trainingframework\freetype\freetype-2.13.2\objs\x64\debug\freetype.tlog\link.command.1.tlog
c:\users\han.glschool2\desktop\hin032_tatrunghieu\trainingframework\freetype\freetype-2.13.2\objs\x64\debug\freetype.tlog\link.read.1.tlog
c:\users\han.glschool2\desktop\hin032_tatrunghieu\trainingframework\freetype\freetype-2.13.2\objs\x64\debug\freetype.tlog\link.write.1.tlog
c:\users\han.glschool2\desktop\hin032_tatrunghieu\trainingframework\freetype\freetype-2.13.2\objs\x64\debug\freetype.tlog\link.write.2u.tlog
c:\users\han.glschool2\desktop\hin032_tatrunghieu\trainingframework\freetype\freetype-2.13.2\objs\x64\debug\freetype.tlog\rc.command.1.tlog
c:\users\han.glschool2\desktop\hin032_tatrunghieu\trainingframework\freetype\freetype-2.13.2\objs\x64\debug\freetype.tlog\rc.read.1.tlog
c:\users\han.glschool2\desktop\hin032_tatrunghieu\trainingframework\freetype\freetype-2.13.2\objs\x64\debug\freetype.tlog\rc.write.1.tlog
